0 info it worked if it ends with ok
1 verbose cli [ 'C:\\Program Files\\nodejs\\node.exe',
1 verbose cli   'C:\\Program Files\\nodejs\\node_modules\\npm\\bin\\npm-cli.js',
1 verbose cli   'install',
1 verbose cli   '--production' ]
2 info using npm@3.3.12
3 info using node@v5.3.0
4 silly loadCurrentTree Starting
5 silly install loadCurrentTree
6 silly install readLocalPackageData
7 silly install normalizeTree
8 silly loadCurrentTree Finishing
9 silly loadIdealTree Starting
10 silly install loadIdealTree
11 silly cloneCurrentTree Starting
12 silly install cloneCurrentTreeToIdealTree
13 silly cloneCurrentTree Finishing
14 silly loadShrinkwrap Starting
15 silly install loadShrinkwrap
16 silly loadShrinkwrap Finishing
17 silly loadAllDepsIntoIdealTree Starting
18 silly install loadAllDepsIntoIdealTree
19 silly fetchNamedPackageData fsevents
20 silly mapToRegistry name fsevents
21 silly mapToRegistry using default registry
22 silly mapToRegistry registry https://registry.npmjs.org/
23 silly mapToRegistry uri https://registry.npmjs.org/fsevents
24 verbose request uri https://registry.npmjs.org/fsevents
25 verbose request no auth needed
26 info attempt registry request try #1 at 21:07:57
27 verbose request id 15c87320396a0bb5
28 verbose etag "43VWEZO0NHQR9W0RRC4SYHILN"
29 http request GET https://registry.npmjs.org/fsevents
30 http 304 https://registry.npmjs.org/fsevents
31 verbose headers { date: 'Mon, 18 Jan 2016 20:08:07 GMT',
31 verbose headers   via: '1.1 varnish',
31 verbose headers   'cache-control': 'max-age=300',
31 verbose headers   etag: '"43VWEZO0NHQR9W0RRC4SYHILN"',
31 verbose headers   age: '144',
31 verbose headers   connection: 'keep-alive',
31 verbose headers   'x-served-by': 'cache-ams4144-AMS',
31 verbose headers   'x-cache': 'HIT',
31 verbose headers   'x-cache-hits': '4',
31 verbose headers   'x-timer': 'S1453147687.634088,VS0,VE0',
31 verbose headers   vary: 'Accept' }
32 silly get cb [ 304,
32 silly get   { date: 'Mon, 18 Jan 2016 20:08:07 GMT',
32 silly get     via: '1.1 varnish',
32 silly get     'cache-control': 'max-age=300',
32 silly get     etag: '"43VWEZO0NHQR9W0RRC4SYHILN"',
32 silly get     age: '144',
32 silly get     connection: 'keep-alive',
32 silly get     'x-served-by': 'cache-ams4144-AMS',
32 silly get     'x-cache': 'HIT',
32 silly get     'x-cache-hits': '4',
32 silly get     'x-timer': 'S1453147687.634088,VS0,VE0',
32 silly get     vary: 'Accept' } ]
33 verbose etag https://registry.npmjs.org/fsevents from cache
34 verbose get saving fsevents to C:\Users\Robert\AppData\Roaming\npm-cache\registry.npmjs.org\fsevents\.cache.json
35 silly resolveWithNewModule fsevents@0.3.8 checking installable status
36 warn install Couldn't install optional dependency: Unsupported
37 verbose install Error: Unsupported
37 verbose install     at checkPlatform (C:\Program Files\nodejs\node_modules\npm\node_modules\npm-install-checks\index.js:46:14)
37 verbose install     at Array.<anonymous> (C:\Program Files\nodejs\node_modules\npm\node_modules\slide\lib\bind-actor.js:15:8)
37 verbose install     at LOOP (C:\Program Files\nodejs\node_modules\npm\node_modules\slide\lib\chain.js:15:14)
37 verbose install     at C:\Program Files\nodejs\node_modules\npm\node_modules\slide\lib\chain.js:18:7
37 verbose install     at checkEngine (C:\Program Files\nodejs\node_modules\npm\node_modules\npm-install-checks\index.js:25:10)
37 verbose install     at Array.<anonymous> (C:\Program Files\nodejs\node_modules\npm\node_modules\slide\lib\bind-actor.js:15:8)
37 verbose install     at LOOP (C:\Program Files\nodejs\node_modules\npm\node_modules\slide\lib\chain.js:15:14)
37 verbose install     at chain (C:\Program Files\nodejs\node_modules\npm\node_modules\slide\lib\chain.js:20:5)
37 verbose install     at module.exports.isInstallable (C:\Program Files\nodejs\node_modules\npm\lib\install\validate-args.js:26:3)
37 verbose install     at resolveWithNewModule (C:\Program Files\nodejs\node_modules\npm\lib\install\deps.js:452:12)
38 silly loadAllDepsIntoIdealTree Finishing
39 silly idealTree:prePrune Code@0.10.7
39 silly idealTree:prePrune ├── agent-base@1.0.2
39 silly idealTree:prePrune ├── alexandrudima-oniguruma@6.0.1
39 silly idealTree:prePrune ├── ansi-green@0.1.1
39 silly idealTree:prePrune ├── ansi-wrap@0.1.0
39 silly idealTree:prePrune ├── anymatch@1.3.0
39 silly idealTree:prePrune ├── applicationinsights@0.15.6
39 silly idealTree:prePrune ├── arr-diff@2.0.0
39 silly idealTree:prePrune ├── arr-flatten@1.0.1
39 silly idealTree:prePrune ├── array-unique@0.2.1
39 silly idealTree:prePrune ├── arrify@1.0.1
39 silly idealTree:prePrune ├── async-each@0.1.6
39 silly idealTree:prePrune ├── binary-extensions@1.4.0
39 silly idealTree:prePrune ├── bindings@1.2.1
39 silly idealTree:prePrune ├── braces@1.8.3
39 silly idealTree:prePrune ├── chokidar@1.0.5
39 silly idealTree:prePrune ├── core-util-is@1.0.2
39 silly idealTree:prePrune ├── debug@2.2.0
39 silly idealTree:prePrune ├── emmet@1.3.2
39 silly idealTree:prePrune ├── expand-brackets@0.1.4
39 silly idealTree:prePrune ├── expand-range@1.8.1
39 silly idealTree:prePrune ├── extend@3.0.0
39 silly idealTree:prePrune ├── extglob@0.3.1
39 silly idealTree:prePrune ├── extract-opts@2.2.0
39 silly idealTree:prePrune ├── fd-slicer@1.0.1
39 silly idealTree:prePrune ├── filename-regex@2.0.0
39 silly idealTree:prePrune ├── fill-range@2.2.3
39 silly idealTree:prePrune ├── for-in@0.1.4
39 silly idealTree:prePrune ├── for-own@0.1.3
39 silly idealTree:prePrune ├── getmac@1.0.7
39 silly idealTree:prePrune ├─┬ glob-base@0.3.0
39 silly idealTree:prePrune │ ├── glob-parent@2.0.0
39 silly idealTree:prePrune │ └── is-glob@2.0.1
39 silly idealTree:prePrune ├─┬ glob-parent@1.3.0
39 silly idealTree:prePrune │ └── is-glob@2.0.1
39 silly idealTree:prePrune ├── graceful-fs@4.1.2
39 silly idealTree:prePrune ├── http-proxy-agent@0.2.7
39 silly idealTree:prePrune ├── https-proxy-agent@0.3.6
39 silly idealTree:prePrune ├── iconv-lite@0.4.13
39 silly idealTree:prePrune ├── inherits@2.0.1
39 silly idealTree:prePrune ├── is-binary-path@1.0.1
39 silly idealTree:prePrune ├── is-buffer@1.1.1
39 silly idealTree:prePrune ├── is-dotfile@1.0.2
39 silly idealTree:prePrune ├── is-equal-shallow@0.1.3
39 silly idealTree:prePrune ├── is-extendable@0.1.1
39 silly idealTree:prePrune ├── is-extglob@1.0.0
39 silly idealTree:prePrune ├── is-glob@1.1.3
39 silly idealTree:prePrune ├── is-number@2.1.0
39 silly idealTree:prePrune ├── is-primitive@2.0.0
39 silly idealTree:prePrune ├── isarray@0.0.1
39 silly idealTree:prePrune ├── isobject@2.0.0
39 silly idealTree:prePrune ├── kind-of@3.0.2
39 silly idealTree:prePrune ├── lru-cache@2.7.3
39 silly idealTree:prePrune ├─┬ micromatch@2.3.7
39 silly idealTree:prePrune │ └── is-glob@2.0.1
39 silly idealTree:prePrune ├── minimatch@0.2.14
39 silly idealTree:prePrune ├── ms@0.7.1
39 silly idealTree:prePrune ├── nan@2.2.0
39 silly idealTree:prePrune ├── native-keymap@0.1.2
39 silly idealTree:prePrune ├── normalize-path@2.0.1
39 silly idealTree:prePrune ├── object.omit@2.0.0
39 silly idealTree:prePrune ├─┬ parse-glob@3.0.4
39 silly idealTree:prePrune │ └── is-glob@2.0.1
39 silly idealTree:prePrune ├── path-is-absolute@1.0.0
39 silly idealTree:prePrune ├── pend@1.2.0
39 silly idealTree:prePrune ├── preserve@0.2.0
39 silly idealTree:prePrune ├── randomatic@1.1.5
39 silly idealTree:prePrune ├── readable-stream@1.0.33
39 silly idealTree:prePrune ├── readdirp@1.4.0
39 silly idealTree:prePrune ├── regex-cache@0.4.2
39 silly idealTree:prePrune ├── repeat-element@1.1.2
39 silly idealTree:prePrune ├── repeat-string@1.5.2
39 silly idealTree:prePrune ├── sax@1.1.4
39 silly idealTree:prePrune ├── semver@4.3.6
39 silly idealTree:prePrune ├── sigmund@1.0.1
39 silly idealTree:prePrune ├── string_decoder@0.10.31
39 silly idealTree:prePrune ├── success-symbol@0.1.0
39 silly idealTree:prePrune ├── typechecker@2.0.8
39 silly idealTree:prePrune ├── vscode-debugprotocol@1.3.0
39 silly idealTree:prePrune ├── vscode-textmate@1.0.9
39 silly idealTree:prePrune ├── weak@1.0.1
39 silly idealTree:prePrune ├── windows-mutex@0.2.0
39 silly idealTree:prePrune ├── winreg@0.0.12
39 silly idealTree:prePrune └── yauzl@2.4.1
40 silly loadIdealTree Finishing
41 silly currentTree Code@0.10.7
41 silly currentTree ├── agent-base@1.0.2
41 silly currentTree ├── alexandrudima-oniguruma@6.0.1
41 silly currentTree ├── ansi-green@0.1.1
41 silly currentTree ├── ansi-wrap@0.1.0
41 silly currentTree ├── anymatch@1.3.0
41 silly currentTree ├── applicationinsights@0.15.6
41 silly currentTree ├── arr-diff@2.0.0
41 silly currentTree ├── arr-flatten@1.0.1
41 silly currentTree ├── array-unique@0.2.1
41 silly currentTree ├── arrify@1.0.1
41 silly currentTree ├── async-each@0.1.6
41 silly currentTree ├── binary-extensions@1.4.0
41 silly currentTree ├── bindings@1.2.1
41 silly currentTree ├── braces@1.8.3
41 silly currentTree ├── chokidar@1.0.5
41 silly currentTree ├── core-util-is@1.0.2
41 silly currentTree ├── debug@2.2.0
41 silly currentTree ├── emmet@1.3.2
41 silly currentTree ├── expand-brackets@0.1.4
41 silly currentTree ├── expand-range@1.8.1
41 silly currentTree ├── extend@3.0.0
41 silly currentTree ├── extglob@0.3.1
41 silly currentTree ├── extract-opts@2.2.0
41 silly currentTree ├── fd-slicer@1.0.1
41 silly currentTree ├── filename-regex@2.0.0
41 silly currentTree ├── fill-range@2.2.3
41 silly currentTree ├── for-in@0.1.4
41 silly currentTree ├── for-own@0.1.3
41 silly currentTree ├── getmac@1.0.7
41 silly currentTree ├─┬ glob-base@0.3.0
41 silly currentTree │ ├── glob-parent@2.0.0
41 silly currentTree │ └── is-glob@2.0.1
41 silly currentTree ├─┬ glob-parent@1.3.0
41 silly currentTree │ └── is-glob@2.0.1
41 silly currentTree ├── graceful-fs@4.1.2
41 silly currentTree ├── http-proxy-agent@0.2.7
41 silly currentTree ├── https-proxy-agent@0.3.6
41 silly currentTree ├── iconv-lite@0.4.13
41 silly currentTree ├── inherits@2.0.1
41 silly currentTree ├── is-binary-path@1.0.1
41 silly currentTree ├── is-buffer@1.1.1
41 silly currentTree ├── is-dotfile@1.0.2
41 silly currentTree ├── is-equal-shallow@0.1.3
41 silly currentTree ├── is-extendable@0.1.1
41 silly currentTree ├── is-extglob@1.0.0
41 silly currentTree ├── is-glob@1.1.3
41 silly currentTree ├── is-number@2.1.0
41 silly currentTree ├── is-primitive@2.0.0
41 silly currentTree ├── isarray@0.0.1
41 silly currentTree ├── isobject@2.0.0
41 silly currentTree ├── kind-of@3.0.2
41 silly currentTree ├── lru-cache@2.7.3
41 silly currentTree ├─┬ micromatch@2.3.7
41 silly currentTree │ └── is-glob@2.0.1
41 silly currentTree ├── minimatch@0.2.14
41 silly currentTree ├── ms@0.7.1
41 silly currentTree ├── nan@2.2.0
41 silly currentTree ├── native-keymap@0.1.2
41 silly currentTree ├── normalize-path@2.0.1
41 silly currentTree ├── object.omit@2.0.0
41 silly currentTree ├─┬ parse-glob@3.0.4
41 silly currentTree │ └── is-glob@2.0.1
41 silly currentTree ├── path-is-absolute@1.0.0
41 silly currentTree ├── pend@1.2.0
41 silly currentTree ├── preserve@0.2.0
41 silly currentTree ├── randomatic@1.1.5
41 silly currentTree ├── readable-stream@1.0.33
41 silly currentTree ├── readdirp@1.4.0
41 silly currentTree ├── regex-cache@0.4.2
41 silly currentTree ├── repeat-element@1.1.2
41 silly currentTree ├── repeat-string@1.5.2
41 silly currentTree ├── sax@1.1.4
41 silly currentTree ├── semver@4.3.6
41 silly currentTree ├── sigmund@1.0.1
41 silly currentTree ├── string_decoder@0.10.31
41 silly currentTree ├── success-symbol@0.1.0
41 silly currentTree ├── typechecker@2.0.8
41 silly currentTree ├── vscode-debugprotocol@1.3.0
41 silly currentTree ├── vscode-textmate@1.0.9
41 silly currentTree ├── weak@1.0.1
41 silly currentTree ├── windows-mutex@0.2.0
41 silly currentTree ├── winreg@0.0.12
41 silly currentTree └── yauzl@2.4.1
42 silly idealTree Code@0.10.7
42 silly idealTree ├── agent-base@1.0.2
42 silly idealTree ├── alexandrudima-oniguruma@6.0.1
42 silly idealTree ├── ansi-green@0.1.1
42 silly idealTree ├── ansi-wrap@0.1.0
42 silly idealTree ├── anymatch@1.3.0
42 silly idealTree ├── applicationinsights@0.15.6
42 silly idealTree ├── arr-diff@2.0.0
42 silly idealTree ├── arr-flatten@1.0.1
42 silly idealTree ├── array-unique@0.2.1
42 silly idealTree ├── arrify@1.0.1
42 silly idealTree ├── async-each@0.1.6
42 silly idealTree ├── binary-extensions@1.4.0
42 silly idealTree ├── bindings@1.2.1
42 silly idealTree ├── braces@1.8.3
42 silly idealTree ├── chokidar@1.0.5
42 silly idealTree ├── core-util-is@1.0.2
42 silly idealTree ├── debug@2.2.0
42 silly idealTree ├── emmet@1.3.2
42 silly idealTree ├── expand-brackets@0.1.4
42 silly idealTree ├── expand-range@1.8.1
42 silly idealTree ├── extend@3.0.0
42 silly idealTree ├── extglob@0.3.1
42 silly idealTree ├── extract-opts@2.2.0
42 silly idealTree ├── fd-slicer@1.0.1
42 silly idealTree ├── filename-regex@2.0.0
42 silly idealTree ├── fill-range@2.2.3
42 silly idealTree ├── for-in@0.1.4
42 silly idealTree ├── for-own@0.1.3
42 silly idealTree ├── getmac@1.0.7
42 silly idealTree ├─┬ glob-base@0.3.0
42 silly idealTree │ ├── glob-parent@2.0.0
42 silly idealTree │ └── is-glob@2.0.1
42 silly idealTree ├─┬ glob-parent@1.3.0
42 silly idealTree │ └── is-glob@2.0.1
42 silly idealTree ├── graceful-fs@4.1.2
42 silly idealTree ├── http-proxy-agent@0.2.7
42 silly idealTree ├── https-proxy-agent@0.3.6
42 silly idealTree ├── iconv-lite@0.4.13
42 silly idealTree ├── inherits@2.0.1
42 silly idealTree ├── is-binary-path@1.0.1
42 silly idealTree ├── is-buffer@1.1.1
42 silly idealTree ├── is-dotfile@1.0.2
42 silly idealTree ├── is-equal-shallow@0.1.3
42 silly idealTree ├── is-extendable@0.1.1
42 silly idealTree ├── is-extglob@1.0.0
42 silly idealTree ├── is-glob@1.1.3
42 silly idealTree ├── is-number@2.1.0
42 silly idealTree ├── is-primitive@2.0.0
42 silly idealTree ├── isarray@0.0.1
42 silly idealTree ├── isobject@2.0.0
42 silly idealTree ├── kind-of@3.0.2
42 silly idealTree ├── lru-cache@2.7.3
42 silly idealTree ├─┬ micromatch@2.3.7
42 silly idealTree │ └── is-glob@2.0.1
42 silly idealTree ├── minimatch@0.2.14
42 silly idealTree ├── ms@0.7.1
42 silly idealTree ├── nan@2.2.0
42 silly idealTree ├── native-keymap@0.1.2
42 silly idealTree ├── normalize-path@2.0.1
42 silly idealTree ├── object.omit@2.0.0
42 silly idealTree ├─┬ parse-glob@3.0.4
42 silly idealTree │ └── is-glob@2.0.1
42 silly idealTree ├── path-is-absolute@1.0.0
42 silly idealTree ├── pend@1.2.0
42 silly idealTree ├── preserve@0.2.0
42 silly idealTree ├── randomatic@1.1.5
42 silly idealTree ├── readable-stream@1.0.33
42 silly idealTree ├── readdirp@1.4.0
42 silly idealTree ├── regex-cache@0.4.2
42 silly idealTree ├── repeat-element@1.1.2
42 silly idealTree ├── repeat-string@1.5.2
42 silly idealTree ├── sax@1.1.4
42 silly idealTree ├── semver@4.3.6
42 silly idealTree ├── sigmund@1.0.1
42 silly idealTree ├── string_decoder@0.10.31
42 silly idealTree ├── success-symbol@0.1.0
42 silly idealTree ├── typechecker@2.0.8
42 silly idealTree ├── vscode-debugprotocol@1.3.0
42 silly idealTree ├── vscode-textmate@1.0.9
42 silly idealTree ├── weak@1.0.1
42 silly idealTree ├── windows-mutex@0.2.0
42 silly idealTree ├── winreg@0.0.12
42 silly idealTree └── yauzl@2.4.1
43 silly generateActionsToTake Starting
44 silly install generateActionsToTake
45 silly generateActionsToTake Finishing
46 silly diffTrees action count 0
47 silly decomposeActions action count 0
48 silly executeActions Starting
49 silly install executeActions
50 silly doSerial global-install 0
51 silly doParallel fetch 0
52 verbose lock using C:\Users\Robert\AppData\Roaming\npm-cache\_locks\staging-06562e074ed8a6ec.lock for C:\Users\Robert\Projekte\KodeStudio-win32\resources\app\node_modules\.staging
53 silly doParallel extract 0
54 silly doParallel preinstall 0
55 silly doReverseSerial remove 0
56 silly doSerial move 0
57 silly doSerial finalize 0
58 silly doSerial build 0
59 silly doSerial global-link 0
60 silly doParallel update-linked 0
61 silly doSerial install 0
62 silly doSerial postinstall 0
63 verbose unlock done using C:\Users\Robert\AppData\Roaming\npm-cache\_locks\staging-06562e074ed8a6ec.lock for C:\Users\Robert\Projekte\KodeStudio-win32\resources\app\node_modules\.staging
64 silly executeActions Finishing
65 silly rollbackFailedOptional Starting
66 silly rollbackFailedOptional Finishing
67 silly runTopLevelLifecycles Starting
68 silly install runTopLevelLifecycles
69 silly preinstall Code@0.10.7 C:\Users\Robert\Projekte\KodeStudio-win32\resources\app\Code-ffcb43e4c6cc460b4a8c2b7f0684d152
70 info lifecycle Code@0.10.7~preinstall: Code@0.10.7
71 verbose lifecycle Code@0.10.7~preinstall: unsafe-perm in lifecycle true
72 verbose lifecycle Code@0.10.7~preinstall: PATH: C:\Program Files\nodejs\node_modules\npm\bin\node-gyp-bin;C:\Users\Robert\Projekte\KodeStudio-win32\resources\app\node_modules\.bin;C:\Program Files (x86)\SCE\ORBIS SDKs\2.500\host_tools\bin;C:\Program Files (x86)\SCE\Common\SceVSI-VS12\bin;C:\Program Files (x86)\SCE\ORBIS\Tools\Publishing Tools\bin;C:\Program Files (x86)\SCE\ORBIS\Tools\Target Manager Server\bin;C:\Python27\;C:\Python27\Scripts;C:\Windows\system32;C:\Windows;C:\Windows\System32\Wbem;C:\Windows\System32\WindowsPowerShell\v1.0\;C:\Program Files\Microsoft SQL Server\110\Tools\Binn\;C:\Program Files (x86)\GtkSharp\2.12\bin;C:\Program Files (x86)\Microsoft SDKs\TypeScript\1.0\;C:\Program Files\Microsoft SQL Server\120\Tools\Binn\;C:\Program Files (x86)\Objective Caml\bin;C:\HaxeToolkit\haxe\;C:\HaxeToolkit\neko;C:\WINDOWS\system32;C:\WINDOWS;C:\WINDOWS\System32\Wbem;C:\WINDOWS\System32\WindowsPowerShell\v1.0\;C:\Users\Robert\.dnx\bin;C:\Program Files\Microsoft DNX\Dnvm\;C:\Program Files\Microsoft\Web Platform Installer\;C:\Program Files (x86)\NVIDIA Corporation\PhysX\Common;C:\Program Files\TortoiseGit\bin;C:\WINDOWS\system32;C:\WINDOWS;C:\WINDOWS\System32\Wbem;C:\WINDOWS\System32\WindowsPowerShell\v1.0\;C:\Program Files (x86)\Windows Kits\10\Windows Performance Toolkit\;C:\Program Files (x86)\Skype\Phone\;C:\Program Files\IDM Computer Solutions\UltraEdit;C:\Users\Robert\AppData\Local\Programs\Git\cmd;C:\Program Files\nodejs\;C:\Users\Robert\Projekte\Tools\GnuWin32\bin;C:\Users\Robert\AppData\Local\atom\bin;C:\Users\Robert\AppData\Local\Programs\Git\cmd;C:\Users\Robert\AppData\Roaming\npm
73 verbose lifecycle Code@0.10.7~preinstall: CWD: C:\Users\Robert\Projekte\KodeStudio-win32\resources\app
74 silly lifecycle Code@0.10.7~preinstall: Args: [ '/d /s /c', 'node build/npm/preinstall.js' ]
75 silly lifecycle Code@0.10.7~preinstall: Returned: code: 1  signal: null
76 info lifecycle Code@0.10.7~preinstall: Failed to exec preinstall script
77 verbose stack Error: Code@0.10.7 preinstall: `node build/npm/preinstall.js`
77 verbose stack Exit status 1
77 verbose stack     at EventEmitter.<anonymous> (C:\Program Files\nodejs\node_modules\npm\lib\utils\lifecycle.js:232:16)
77 verbose stack     at emitTwo (events.js:87:13)
77 verbose stack     at EventEmitter.emit (events.js:172:7)
77 verbose stack     at ChildProcess.<anonymous> (C:\Program Files\nodejs\node_modules\npm\lib\utils\spawn.js:24:14)
77 verbose stack     at emitTwo (events.js:87:13)
77 verbose stack     at ChildProcess.emit (events.js:172:7)
77 verbose stack     at maybeClose (internal/child_process.js:818:16)
77 verbose stack     at Process.ChildProcess._handle.onexit (internal/child_process.js:211:5)
78 verbose pkgid Code@0.10.7
79 verbose cwd C:\Users\Robert\Projekte\KodeStudio-win32\resources\app
80 error Windows_NT 10.0.10586
81 error argv "C:\\Program Files\\nodejs\\node.exe" "C:\\Program Files\\nodejs\\node_modules\\npm\\bin\\npm-cli.js" "install" "--production"
82 error node v5.3.0
83 error npm  v3.3.12
84 error code ELIFECYCLE
85 error Code@0.10.7 preinstall: `node build/npm/preinstall.js`
85 error Exit status 1
86 error Failed at the Code@0.10.7 preinstall script 'node build/npm/preinstall.js'.
86 error Make sure you have the latest version of node.js and npm installed.
86 error If you do, this is most likely a problem with the Code package,
86 error not with npm itself.
86 error Tell the author that this fails on your system:
86 error     node build/npm/preinstall.js
86 error You can get their info via:
86 error     npm owner ls Code
86 error There is likely additional logging output above.
87 verbose exit [ 1, true ]
